May 27, 2015 5:50:41 PM org.apache.catalina.core.AprLifecycleListener init
INFO: The APR based Apache Tomcat Native library which allows optimal performance in production environments was not found on the java.library.path: /home/olzhas/dev/idea-IC-141.1010.3/bin::/usr/java/packages/lib/i386:/lib:/usr/lib
May 27, 2015 5:50:41 PM org.apache.catalina.security.SecurityListener checkUmask
WARNING: No umask setting was found in system property [org.apache.catalina.security.SecurityListener.UMASK]. However, it appears Tomcat is running on a platform that supports umask. The system property is typically set in CATALINA_HOME/bin/catalina.sh. The Lifecycle listener org.apache.catalina.security.SecurityListener (usually configured in CATALINA_BASE/conf/server.xml) expects a umask at least as restrictive as [0007]
May 27, 2015 5:50:41 PM org.apache.coyote.AbstractProtocol init
INFO: Initializing ProtocolHandler ["http-bio-8080"]
May 27, 2015 5:50:41 PM org.apache.coyote.AbstractProtocol init
SEVERE: Failed to initialize end point associated with ProtocolHandler ["http-bio-8080"]
java.net.BindException: Address already in use <null>:8080
	at org.apache.tomcat.util.net.JIoEndpoint.bind(JIoEndpoint.java:411)
	at org.apache.tomcat.util.net.AbstractEndpoint.init(AbstractEndpoint.java:646)
	at org.apache.coyote.AbstractProtocol.init(AbstractProtocol.java:434)
	at org.apache.coyote.http11.AbstractHttp11JsseProtocol.init(AbstractHttp11JsseProtocol.java:119)
	at org.apache.catalina.connector.Connector.initInternal(Connector.java:978)
	at org.apache.catalina.util.LifecycleBase.init(LifecycleBase.java:102)
	at org.apache.catalina.core.StandardService.initInternal(StandardService.java:559)
	at org.apache.catalina.util.LifecycleBase.init(LifecycleBase.java:102)
	at org.apache.catalina.core.StandardServer.initInternal(StandardServer.java:821)
	at org.apache.catalina.util.LifecycleBase.init(LifecycleBase.java:102)
	at org.apache.catalina.startup.Catalina.load(Catalina.java:638)
	at org.apache.catalina.startup.Catalina.load(Catalina.java:663)
	at sun.reflect.NativeMethodAccessorImpl.invoke0(Native Method)
	at sun.reflect.NativeMethodAccessorImpl.invoke(NativeMethodAccessorImpl.java:62)
	at sun.reflect.DelegatingMethodAccessorImpl.invoke(DelegatingMethodAccessorImpl.java:43)
	at java.lang.reflect.Method.invoke(Method.java:497)
	at org.apache.catalina.startup.Bootstrap.load(Bootstrap.java:280)
	at org.apache.catalina.startup.Bootstrap.main(Bootstrap.java:454)
Caused by: java.net.BindException: Address already in use
	at java.net.PlainSocketImpl.socketBind(Native Method)
	at java.net.AbstractPlainSocketImpl.bind(AbstractPlainSocketImpl.java:382)
	at java.net.ServerSocket.bind(ServerSocket.java:375)
	at java.net.ServerSocket.<init>(ServerSocket.java:237)
	at java.net.ServerSocket.<init>(ServerSocket.java:181)
	at org.apache.tomcat.util.net.DefaultServerSocketFactory.createSocket(DefaultServerSocketFactory.java:49)
	at org.apache.tomcat.util.net.JIoEndpoint.bind(JIoEndpoint.java:398)
	... 17 more

May 27, 2015 5:50:41 PM org.apache.catalina.core.StandardService initInternal
SEVERE: Failed to initialize connector [Connector[HTTP/1.1-8080]]
org.apache.catalina.LifecycleException: Failed to initialize component [Connector[HTTP/1.1-8080]]
	at org.apache.catalina.util.LifecycleBase.init(LifecycleBase.java:106)
	at org.apache.catalina.core.StandardService.initInternal(StandardService.java:559)
	at org.apache.catalina.util.LifecycleBase.init(LifecycleBase.java:102)
	at org.apache.catalina.core.StandardServer.initInternal(StandardServer.java:821)
	at org.apache.catalina.util.LifecycleBase.init(LifecycleBase.java:102)
	at org.apache.catalina.startup.Catalina.load(Catalina.java:638)
	at org.apache.catalina.startup.Catalina.load(Catalina.java:663)
	at sun.reflect.NativeMethodAccessorImpl.invoke0(Native Method)
	at sun.reflect.NativeMethodAccessorImpl.invoke(NativeMethodAccessorImpl.java:62)
	at sun.reflect.DelegatingMethodAccessorImpl.invoke(DelegatingMethodAccessorImpl.java:43)
	at java.lang.reflect.Method.invoke(Method.java:497)
	at org.apache.catalina.startup.Bootstrap.load(Bootstrap.java:280)
	at org.apache.catalina.startup.Bootstrap.main(Bootstrap.java:454)
Caused by: org.apache.catalina.LifecycleException: Protocol handler initialization failed
	at org.apache.catalina.connector.Connector.initInternal(Connector.java:980)
	at org.apache.catalina.util.LifecycleBase.init(LifecycleBase.java:102)
	... 12 more
Caused by: java.net.BindException: Address already in use <null>:8080
	at org.apache.tomcat.util.net.JIoEndpoint.bind(JIoEndpoint.java:411)
	at org.apache.tomcat.util.net.AbstractEndpoint.init(AbstractEndpoint.java:646)
	at org.apache.coyote.AbstractProtocol.init(AbstractProtocol.java:434)
	at org.apache.coyote.http11.AbstractHttp11JsseProtocol.init(AbstractHttp11JsseProtocol.java:119)
	at org.apache.catalina.connector.Connector.initInternal(Connector.java:978)
	... 13 more
Caused by: java.net.BindException: Address already in use
	at java.net.PlainSocketImpl.socketBind(Native Method)
	at java.net.AbstractPlainSocketImpl.bind(AbstractPlainSocketImpl.java:382)
	at java.net.ServerSocket.bind(ServerSocket.java:375)
	at java.net.ServerSocket.<init>(ServerSocket.java:237)
	at java.net.ServerSocket.<init>(ServerSocket.java:181)
	at org.apache.tomcat.util.net.DefaultServerSocketFactory.createSocket(DefaultServerSocketFactory.java:49)
	at org.apache.tomcat.util.net.JIoEndpoint.bind(JIoEndpoint.java:398)
	... 17 more

May 27, 2015 5:50:41 PM org.apache.coyote.AbstractProtocol init
INFO: Initializing ProtocolHandler ["ajp-bio-8009"]
May 27, 2015 5:50:42 PM org.apache.openejb.util.OptionsLog info
INFO: Using 'tomee.force-reloadable=true'
May 27, 2015 5:50:42 PM org.apache.openejb.util.OptionsLog info
INFO: Using 'tomee.remote.support=true'
May 27, 2015 5:50:42 PM org.apache.openejb.util.OptionsLog info
INFO: Using 'openejb.jdbc.datasource-creator=org.apache.tomee.jdbc.TomEEDataSourceCreator'
May 27, 2015 5:50:43 PM org.apache.openejb.OpenEJB$Instance <init>
INFO: ********************************************************************************
May 27, 2015 5:50:43 PM org.apache.openejb.OpenEJB$Instance <init>
INFO: OpenEJB http://openejb.apache.org/
May 27, 2015 5:50:43 PM org.apache.openejb.OpenEJB$Instance <init>
INFO: Startup: Wed May 27 17:50:43 ALMT 2015
May 27, 2015 5:50:43 PM org.apache.openejb.OpenEJB$Instance <init>
INFO: Copyright 1999-2013 (C) Apache OpenEJB Project, All Rights Reserved.
May 27, 2015 5:50:43 PM org.apache.openejb.OpenEJB$Instance <init>
INFO: Version: 4.7.1
May 27, 2015 5:50:43 PM org.apache.openejb.OpenEJB$Instance <init>
INFO: Build date: 20140912
May 27, 2015 5:50:43 PM org.apache.openejb.OpenEJB$Instance <init>
INFO: Build time: 01:43
May 27, 2015 5:50:43 PM org.apache.openejb.OpenEJB$Instance <init>
INFO: ********************************************************************************
May 27, 2015 5:50:43 PM org.apache.openejb.OpenEJB$Instance <init>
INFO: openejb.home = /home/olzhas/IdeaProjects/sender-all/target/apache-tomee
May 27, 2015 5:50:43 PM org.apache.openejb.OpenEJB$Instance <init>
INFO: openejb.base = /home/olzhas/IdeaProjects/sender-all/target/apache-tomee
May 27, 2015 5:50:43 PM org.apache.openejb.cdi.CdiBuilder initializeOWB
INFO: Created new singletonService org.apache.openejb.cdi.ThreadSingletonServiceImpl@294adb
May 27, 2015 5:50:43 PM org.apache.openejb.cdi.CdiBuilder initializeOWB
INFO: Succeeded in installing singleton service
May 27, 2015 5:50:43 PM org.apache.openejb.config.ConfigurationFactory init
INFO: openejb configuration file is '/home/olzhas/IdeaProjects/sender-all/target/apache-tomee/conf/tomee.xml'
May 27, 2015 5:50:43 PM org.apache.openejb.config.ConfigurationFactory configureService
INFO: Configuring Service(id=Tomcat Security Service, type=SecurityService, provider-id=Tomcat Security Service)
May 27, 2015 5:50:43 PM org.apache.openejb.config.ConfigurationFactory configureService
INFO: Configuring Service(id=Default Transaction Manager, type=TransactionManager, provider-id=Default Transaction Manager)
May 27, 2015 5:50:43 PM org.apache.openejb.config.ConfigurationFactory configureService
INFO: Configuring Service(id=datasource, type=Resource, provider-id=Default JDBC Database)
May 27, 2015 5:50:43 PM org.apache.openejb.config.ConfigurationFactory configureService
INFO: Configuring Service(id=mail, type=Resource, provider-id=Default Mail Session)
May 27, 2015 5:50:43 PM org.apache.openejb.util.OptionsLog info
INFO: Using 'openejb.system.apps=true'
May 27, 2015 5:50:43 PM org.apache.openejb.config.ConfigurationFactory configureApplication
INFO: Configuring enterprise application: openejb
May 27, 2015 5:50:44 PM org.apache.openejb.config.InitEjbDeployments deploy
INFO: Using openejb.deploymentId.format '{ejbName}'
May 27, 2015 5:50:44 PM org.apache.openejb.config.InitEjbDeployments deploy
INFO: Auto-deploying ejb openejb/Deployer: EjbDeployment(deployment-id=openejb/Deployer)
May 27, 2015 5:50:44 PM org.apache.openejb.config.InitEjbDeployments deploy
INFO: Auto-deploying ejb openejb/ConfigurationInfo: EjbDeployment(deployment-id=openejb/ConfigurationInfo)
May 27, 2015 5:50:44 PM org.apache.openejb.config.InitEjbDeployments deploy
INFO: Auto-deploying ejb MEJB: EjbDeployment(deployment-id=MEJB)
May 27, 2015 5:50:44 PM org.apache.openejb.config.ConfigurationFactory configureService
INFO: Configuring Service(id=Default Stateless Container, type=Container, provider-id=Default Stateless Container)
May 27, 2015 5:50:44 PM org.apache.openejb.config.AutoConfig createContainer
INFO: Auto-creating a container for bean openejb/Deployer: Container(type=STATELESS, id=Default Stateless Container)
May 27, 2015 5:50:44 PM org.apache.openejb.config.AppInfoBuilder build
INFO: Enterprise application "openejb" loaded.
May 27, 2015 5:50:44 PM org.apache.openejb.assembler.classic.Assembler createRecipe
INFO: Creating TransactionManager(id=Default Transaction Manager)
May 27, 2015 5:50:44 PM org.apache.openejb.assembler.classic.Assembler createRecipe
INFO: Creating SecurityService(id=Tomcat Security Service)
May 27, 2015 5:50:44 PM org.apache.openejb.assembler.classic.Assembler createRecipe
INFO: Creating Resource(id=datasource)
May 27, 2015 5:50:44 PM org.apache.tomee.jdbc.TomEEDataSourceCreator$TomEEDataSource readOnly
INFO: Disabling testOnBorrow since no validation query is provided
May 27, 2015 5:50:44 PM org.apache.openejb.assembler.classic.Assembler createRecipe
INFO: Creating Resource(id=mail)
May 27, 2015 5:50:44 PM org.apache.openejb.assembler.classic.Assembler createRecipe
INFO: Creating Container(id=Default Stateless Container)
May 27, 2015 5:50:44 PM org.apache.openejb.assembler.classic.Assembler createApplication
INFO: Assembling app: openejb
May 27, 2015 5:50:44 PM org.apache.openejb.util.OptionsLog info
INFO: Using 'openejb.jndiname.format={deploymentId}{interfaceType.openejbLegacyName}'
May 27, 2015 5:50:44 PM org.apache.openejb.assembler.classic.JndiBuilder bind
INFO: Jndi(name=openejb/DeployerBusinessRemote) --> Ejb(deployment-id=openejb/Deployer)
May 27, 2015 5:50:44 PM org.apache.openejb.assembler.classic.JndiBuilder bind
INFO: Jndi(name=global/openejb/openejb/Deployer!org.apache.openejb.assembler.Deployer) --> Ejb(deployment-id=openejb/Deployer)
May 27, 2015 5:50:44 PM org.apache.openejb.assembler.classic.JndiBuilder bind
INFO: Jndi(name=global/openejb/openejb/Deployer) --> Ejb(deployment-id=openejb/Deployer)
May 27, 2015 5:50:44 PM org.apache.openejb.assembler.classic.JndiBuilder bind
INFO: Jndi(name=openejb/ConfigurationInfoBusinessRemote) --> Ejb(deployment-id=openejb/ConfigurationInfo)
May 27, 2015 5:50:44 PM org.apache.openejb.assembler.classic.JndiBuilder bind
INFO: Jndi(name=global/openejb/openejb/ConfigurationInfo!org.apache.openejb.assembler.classic.cmd.ConfigurationInfo) --> Ejb(deployment-id=openejb/ConfigurationInfo)
May 27, 2015 5:50:44 PM org.apache.openejb.assembler.classic.JndiBuilder bind
INFO: Jndi(name=global/openejb/openejb/ConfigurationInfo) --> Ejb(deployment-id=openejb/ConfigurationInfo)
May 27, 2015 5:50:44 PM org.apache.openejb.assembler.classic.JndiBuilder bind
INFO: Jndi(name=MEJB) --> Ejb(deployment-id=MEJB)
May 27, 2015 5:50:44 PM org.apache.openejb.assembler.classic.JndiBuilder bind
INFO: Jndi(name=global/openejb/MEJB!javax.management.j2ee.ManagementHome) --> Ejb(deployment-id=MEJB)
May 27, 2015 5:50:44 PM org.apache.openejb.assembler.classic.JndiBuilder bind
INFO: Jndi(name=global/openejb/MEJB) --> Ejb(deployment-id=MEJB)
May 27, 2015 5:50:44 PM org.apache.openejb.assembler.classic.Assembler startEjbs
INFO: Created Ejb(deployment-id=MEJB, ejb-name=MEJB, container=Default Stateless Container)
May 27, 2015 5:50:44 PM org.apache.openejb.assembler.classic.Assembler startEjbs
INFO: Created Ejb(deployment-id=openejb/ConfigurationInfo, ejb-name=openejb/ConfigurationInfo, container=Default Stateless Container)
May 27, 2015 5:50:44 PM org.apache.openejb.assembler.classic.Assembler startEjbs
INFO: Created Ejb(deployment-id=openejb/Deployer, ejb-name=openejb/Deployer, container=Default Stateless Container)
May 27, 2015 5:50:44 PM org.apache.openejb.assembler.classic.Assembler startEjbs
INFO: Started Ejb(deployment-id=MEJB, ejb-name=MEJB, container=Default Stateless Container)
May 27, 2015 5:50:44 PM org.apache.openejb.assembler.classic.Assembler startEjbs
INFO: Started Ejb(deployment-id=openejb/ConfigurationInfo, ejb-name=openejb/ConfigurationInfo, container=Default Stateless Container)
May 27, 2015 5:50:44 PM org.apache.openejb.assembler.classic.Assembler startEjbs
INFO: Started Ejb(deployment-id=openejb/Deployer, ejb-name=openejb/Deployer, container=Default Stateless Container)
May 27, 2015 5:50:44 PM org.apache.openejb.assembler.classic.Assembler deployMBean
INFO: Deployed MBean(openejb.user.mbeans:application=openejb,group=org.apache.openejb.assembler.monitoring,name=JMXDeployer)
May 27, 2015 5:50:44 PM org.apache.openejb.assembler.classic.Assembler createApplication
INFO: Deployed Application(path=openejb)
May 27, 2015 5:50:45 PM org.apache.openejb.server.ServiceManager initServer
INFO: Creating ServerService(id=cxf-rs)
May 27, 2015 5:50:45 PM org.apache.openejb.server.SimpleServiceManager start
INFO:   ** Bound Services **
May 27, 2015 5:50:45 PM org.apache.openejb.server.SimpleServiceManager printRow
INFO:   NAME                 IP              PORT  
May 27, 2015 5:50:45 PM org.apache.openejb.server.SimpleServiceManager start
INFO: -------
May 27, 2015 5:50:45 PM org.apache.openejb.server.SimpleServiceManager start
INFO: Ready!
May 27, 2015 5:50:45 PM org.apache.catalina.startup.Catalina load
INFO: Initialization processed in 4389 ms
May 27, 2015 5:50:45 PM org.apache.catalina.core.StandardService startInternal
INFO: Starting service Catalina
May 27, 2015 5:50:45 PM org.apache.catalina.core.StandardEngine startInternal
INFO: Starting Servlet Engine: Apache Tomcat (TomEE)/7.0.55 (1.7.1)
May 27, 2015 5:50:45 PM org.apache.catalina.startup.HostConfig deployWAR
INFO: Deploying web application archive /home/olzhas/IdeaProjects/sender-all/target/apache-tomee/webapps/ROOT.war
May 27, 2015 5:50:45 PM org.apache.tomee.catalina.TomcatWebAppBuilder init
INFO: ------------------------- localhost -> /
May 27, 2015 5:50:45 PM org.apache.openejb.util.JarExtractor extract
INFO: Extracting jar: /home/olzhas/IdeaProjects/sender-all/target/apache-tomee/webapps/ROOT.war
May 27, 2015 5:50:45 PM org.apache.openejb.util.JarExtractor extract
INFO: Extracted path: /home/olzhas/IdeaProjects/sender-all/target/apache-tomee/webapps/ROOT
May 27, 2015 5:50:45 PM org.apache.openejb.util.OptionsLog info
INFO: Using 'openejb.session.manager=org.apache.tomee.catalina.session.QuickSessionManager'
May 27, 2015 5:50:46 PM org.apache.openejb.config.ConfigurationFactory configureApplication
INFO: Configuring enterprise application: /home/olzhas/IdeaProjects/sender-all/target/apache-tomee/webapps/ROOT
May 27, 2015 5:50:47 PM org.apache.openejb.config.InitEjbDeployments deploy
INFO: Auto-deploying ejb EmailService: EjbDeployment(deployment-id=EmailService)
May 27, 2015 5:50:47 PM org.apache.openejb.config.InitEjbDeployments deploy
INFO: Auto-deploying ejb RegistrationService: EjbDeployment(deployment-id=RegistrationService)
May 27, 2015 5:50:47 PM org.apache.openejb.config.InitEjbDeployments deploy
INFO: Auto-deploying ejb UserRepo: EjbDeployment(deployment-id=UserRepo)
May 27, 2015 5:50:47 PM org.apache.openejb.config.InitEjbDeployments deploy
INFO: Auto-deploying ejb AddEmailsService: EjbDeployment(deployment-id=AddEmailsService)
May 27, 2015 5:50:47 PM org.apache.openejb.config.InitEjbDeployments deploy
INFO: Auto-deploying ejb CreateUser: EjbDeployment(deployment-id=CreateUser)
May 27, 2015 5:50:47 PM org.apache.openejb.config.InitEjbDeployments deploy
INFO: Auto-deploying ejb SmsSessageRepo: EjbDeployment(deployment-id=SmsSessageRepo)
May 27, 2015 5:50:47 PM org.apache.openejb.config.InitEjbDeployments deploy
INFO: Auto-deploying ejb EmailRepo: EjbDeployment(deployment-id=EmailRepo)
May 27, 2015 5:50:47 PM org.apache.openejb.config.InitEjbDeployments deploy
INFO: Auto-deploying ejb EmailListRepo: EjbDeployment(deployment-id=EmailListRepo)
May 27, 2015 5:50:47 PM org.apache.openejb.config.InitEjbDeployments deploy
INFO: Auto-deploying ejb RequestToRegisterRepo: EjbDeployment(deployment-id=RequestToRegisterRepo)
May 27, 2015 5:50:47 PM org.apache.openejb.config.InitEjbDeployments deploy
INFO: Auto-deploying ejb EmailMessageRepo: EjbDeployment(deployment-id=EmailMessageRepo)
May 27, 2015 5:50:47 PM org.apache.openejb.config.InitEjbDeployments deploy
INFO: Auto-deploying ejb MobNumRepo: EjbDeployment(deployment-id=MobNumRepo)
May 27, 2015 5:50:47 PM org.apache.openejb.config.InitEjbDeployments deploy
INFO: Auto-deploying ejb EjbTest: EjbDeployment(deployment-id=EjbTest)
May 27, 2015 5:50:47 PM org.apache.openejb.config.InitEjbDeployments deploy
INFO: Auto-deploying ejb CreateListService: EjbDeployment(deployment-id=CreateListService)
May 27, 2015 5:50:47 PM org.apache.openejb.config.ConfigurationFactory configureService
INFO: Configuring Service(id=Default Managed Container, type=Container, provider-id=Default Managed Container)
May 27, 2015 5:50:47 PM org.apache.openejb.config.AutoConfig createContainer
INFO: Auto-creating a container for bean .Comp28640180: Container(type=MANAGED, id=Default Managed Container)
May 27, 2015 5:50:47 PM org.apache.openejb.assembler.classic.Assembler createRecipe
INFO: Creating Container(id=Default Managed Container)
May 27, 2015 5:50:47 PM org.apache.openejb.core.managed.SimplePassivater init
INFO: Using directory /home/olzhas/IdeaProjects/sender-all/target/apache-tomee/temp for stateful session passivation
May 27, 2015 5:50:47 PM org.apache.openejb.config.AutoConfig processResourceRef
INFO: Auto-linking resource-ref 'java:comp/env/mail' in bean .Comp28640180 to Resource(id=mail)
May 27, 2015 5:50:47 PM org.apache.openejb.config.AutoConfig processResourceRef
INFO: Auto-linking resource-ref 'java:comp/env/mail' in bean EmailService to Resource(id=mail)
May 27, 2015 5:50:47 PM org.apache.openejb.config.AutoConfig processResourceRef
INFO: Auto-linking resource-ref 'java:comp/env/mail' in bean RegistrationService to Resource(id=mail)
May 27, 2015 5:50:47 PM org.apache.openejb.config.AutoConfig processResourceRef
INFO: Auto-linking resource-ref 'java:comp/env/mail' in bean UserRepo to Resource(id=mail)
May 27, 2015 5:50:47 PM org.apache.openejb.config.AutoConfig processResourceRef
INFO: Auto-linking resource-ref 'java:comp/env/mail' in bean AddEmailsService to Resource(id=mail)
May 27, 2015 5:50:47 PM org.apache.openejb.config.AutoConfig processResourceRef
INFO: Auto-linking resource-ref 'java:comp/env/mail' in bean CreateUser to Resource(id=mail)
May 27, 2015 5:50:47 PM org.apache.openejb.config.AutoConfig processResourceRef
INFO: Auto-linking resource-ref 'java:comp/env/mail' in bean SmsSessageRepo to Resource(id=mail)
May 27, 2015 5:50:47 PM org.apache.openejb.config.AutoConfig processResourceRef
INFO: Auto-linking resource-ref 'java:comp/env/mail' in bean EmailRepo to Resource(id=mail)
May 27, 2015 5:50:47 PM org.apache.openejb.config.AutoConfig processResourceRef
INFO: Auto-linking resource-ref 'java:comp/env/mail' in bean EmailListRepo to Resource(id=mail)
May 27, 2015 5:50:47 PM org.apache.openejb.config.AutoConfig processResourceRef
INFO: Auto-linking resource-ref 'java:comp/env/mail' in bean RequestToRegisterRepo to Resource(id=mail)
May 27, 2015 5:50:47 PM org.apache.openejb.config.AutoConfig processResourceRef
INFO: Auto-linking resource-ref 'java:comp/env/mail' in bean EmailMessageRepo to Resource(id=mail)
May 27, 2015 5:50:47 PM org.apache.openejb.config.AutoConfig processResourceRef
INFO: Auto-linking resource-ref 'java:comp/env/mail' in bean MobNumRepo to Resource(id=mail)
May 27, 2015 5:50:47 PM org.apache.openejb.config.AutoConfig processResourceRef
INFO: Auto-linking resource-ref 'java:comp/env/mail' in bean EjbTest to Resource(id=mail)
May 27, 2015 5:50:47 PM org.apache.openejb.config.AutoConfig processResourceRef
INFO: Auto-linking resource-ref 'java:comp/env/mail' in bean CreateListService to Resource(id=mail)
May 27, 2015 5:50:47 PM org.apache.openejb.config.AutoConfig deploy
INFO: Configuring PersistenceUnit(name=default)
May 27, 2015 5:50:47 PM org.apache.openejb.config.AutoConfig logAutoCreateResource
INFO: Auto-creating a Resource with id 'datasourceNonJta' of type 'DataSource for 'default'.
May 27, 2015 5:50:47 PM org.apache.openejb.config.AutoConfig deploy
INFO: Configuring Service(id=datasourceNonJta, type=Resource, provider-id=datasource)
May 27, 2015 5:50:47 PM org.apache.openejb.assembler.classic.Assembler createRecipe
INFO: Creating Resource(id=datasourceNonJta)
May 27, 2015 5:50:47 PM org.apache.tomee.jdbc.TomEEDataSourceCreator$TomEEDataSource readOnly
INFO: Disabling testOnBorrow since no validation query is provided
May 27, 2015 5:50:47 PM org.apache.openejb.config.AutoConfig setNonJtaDataSource
INFO: Adjusting PersistenceUnit default <non-jta-data-source> to Resource ID 'datasourceNonJta' from 'null'
May 27, 2015 5:50:47 PM org.apache.openejb.config.JndiEncInfoBuilder buildEjbRefs
WARNING: Unresolved ejb reference "java:comp/env/kz.dreamsoft.sender.rest.ForgotPwdRs/forgotPwdServce" in bean ".Comp".  Will attempt resolution again at runtime.
May 27, 2015 5:50:47 PM org.apache.openejb.config.JndiEncInfoBuilder buildEjbRefs
WARNING: Unresolved ejb reference "java:comp/env/kz.dreamsoft.sender.rest.ForgotPwdRs/forgotPwdServce" in bean "EmailService".  Will attempt resolution again at runtime.
May 27, 2015 5:50:47 PM org.apache.openejb.config.JndiEncInfoBuilder buildEjbRefs
WARNING: Unresolved ejb reference "java:comp/env/kz.dreamsoft.sender.rest.ForgotPwdRs/forgotPwdServce" in bean "RegistrationService".  Will attempt resolution again at runtime.
May 27, 2015 5:50:47 PM org.apache.openejb.config.JndiEncInfoBuilder buildEjbRefs
WARNING: Unresolved ejb reference "java:comp/env/kz.dreamsoft.sender.rest.ForgotPwdRs/forgotPwdServce" in bean "UserRepo".  Will attempt resolution again at runtime.
May 27, 2015 5:50:47 PM org.apache.openejb.config.JndiEncInfoBuilder buildEjbRefs
WARNING: Unresolved ejb reference "java:comp/env/kz.dreamsoft.sender.rest.ForgotPwdRs/forgotPwdServce" in bean "AddEmailsService".  Will attempt resolution again at runtime.
May 27, 2015 5:50:47 PM org.apache.openejb.config.JndiEncInfoBuilder buildEjbRefs
WARNING: Unresolved ejb reference "java:comp/env/kz.dreamsoft.sender.rest.ForgotPwdRs/forgotPwdServce" in bean "CreateUser".  Will attempt resolution again at runtime.
May 27, 2015 5:50:47 PM org.apache.openejb.config.JndiEncInfoBuilder buildEjbRefs
WARNING: Unresolved ejb reference "java:comp/env/kz.dreamsoft.sender.rest.ForgotPwdRs/forgotPwdServce" in bean "SmsSessageRepo".  Will attempt resolution again at runtime.
May 27, 2015 5:50:47 PM org.apache.openejb.config.JndiEncInfoBuilder buildEjbRefs
WARNING: Unresolved ejb reference "java:comp/env/kz.dreamsoft.sender.rest.ForgotPwdRs/forgotPwdServce" in bean "EmailRepo".  Will attempt resolution again at runtime.
May 27, 2015 5:50:47 PM org.apache.openejb.config.JndiEncInfoBuilder buildEjbRefs
WARNING: Unresolved ejb reference "java:comp/env/kz.dreamsoft.sender.rest.ForgotPwdRs/forgotPwdServce" in bean "EmailListRepo".  Will attempt resolution again at runtime.
May 27, 2015 5:50:47 PM org.apache.openejb.config.JndiEncInfoBuilder buildEjbRefs
WARNING: Unresolved ejb reference "java:comp/env/kz.dreamsoft.sender.rest.ForgotPwdRs/forgotPwdServce" in bean "RequestToRegisterRepo".  Will attempt resolution again at runtime.
May 27, 2015 5:50:47 PM org.apache.openejb.config.JndiEncInfoBuilder buildEjbRefs
WARNING: Unresolved ejb reference "java:comp/env/kz.dreamsoft.sender.rest.ForgotPwdRs/forgotPwdServce" in bean "EmailMessageRepo".  Will attempt resolution again at runtime.
May 27, 2015 5:50:47 PM org.apache.openejb.config.JndiEncInfoBuilder buildEjbRefs
WARNING: Unresolved ejb reference "java:comp/env/kz.dreamsoft.sender.rest.ForgotPwdRs/forgotPwdServce" in bean "MobNumRepo".  Will attempt resolution again at runtime.
May 27, 2015 5:50:47 PM org.apache.openejb.config.JndiEncInfoBuilder buildEjbRefs
WARNING: Unresolved ejb reference "java:comp/env/kz.dreamsoft.sender.rest.ForgotPwdRs/forgotPwdServce" in bean "EjbTest".  Will attempt resolution again at runtime.
May 27, 2015 5:50:47 PM org.apache.openejb.config.JndiEncInfoBuilder buildEjbRefs
WARNING: Unresolved ejb reference "java:comp/env/kz.dreamsoft.sender.rest.ForgotPwdRs/forgotPwdServce" in bean "CreateListService".  Will attempt resolution again at runtime.
May 27, 2015 5:50:47 PM org.apache.openejb.config.JndiEncInfoBuilder buildEjbRefs
WARNING: Unresolved ejb reference "java:comp/env/kz.dreamsoft.sender.rest.ForgotPwdRs/forgotPwdServce" in bean "/home/olzhas/IdeaProjects/sender-all/target/apache-tomee/webapps/ROOT".  Will attempt resolution again at runtime.
May 27, 2015 5:50:47 PM org.apache.openejb.config.AppInfoBuilder build
INFO: Enterprise application "/home/olzhas/IdeaProjects/sender-all/target/apache-tomee/webapps/ROOT" loaded.
May 27, 2015 5:50:47 PM org.apache.openejb.assembler.classic.Assembler createApplication
INFO: Assembling app: /home/olzhas/IdeaProjects/sender-all/target/apache-tomee/webapps/ROOT
May 27, 2015 5:50:47 PM org.apache.openejb.assembler.classic.ReloadableEntityManagerFactory createDelegate
INFO: PersistenceUnit(name=default, provider=org.apache.openjpa.persistence.PersistenceProviderImpl) - provider time 456ms
May 27, 2015 5:50:48 PM org.apache.openejb.assembler.classic.JndiBuilder bind
INFO: Jndi(name=EmailServiceLocalBean) --> Ejb(deployment-id=EmailService)
May 27, 2015 5:50:48 PM org.apache.openejb.assembler.classic.JndiBuilder bind
INFO: Jndi(name=global//EmailService!kz.dreamsoft.sender.service.EmailService) --> Ejb(deployment-id=EmailService)
May 27, 2015 5:50:48 PM org.apache.openejb.assembler.classic.JndiBuilder bind
INFO: Jndi(name=global//EmailService) --> Ejb(deployment-id=EmailService)
May 27, 2015 5:50:48 PM org.apache.openejb.assembler.classic.JndiBuilder bind
INFO: Jndi(name=RegistrationServiceLocalBean) --> Ejb(deployment-id=RegistrationService)
May 27, 2015 5:50:48 PM org.apache.openejb.assembler.classic.JndiBuilder bind
INFO: Jndi(name=global//RegistrationService!kz.dreamsoft.sender.service.RegistrationService) --> Ejb(deployment-id=RegistrationService)
May 27, 2015 5:50:48 PM org.apache.openejb.assembler.classic.JndiBuilder bind
INFO: Jndi(name=global//RegistrationService) --> Ejb(deployment-id=RegistrationService)
May 27, 2015 5:50:48 PM org.apache.openejb.assembler.classic.JndiBuilder bind
INFO: Jndi(name=UserRepoLocalBean) --> Ejb(deployment-id=UserRepo)
May 27, 2015 5:50:48 PM org.apache.openejb.assembler.classic.JndiBuilder bind
INFO: Jndi(name=global//UserRepo!kz.dreamsoft.sender.repo.UserRepo) --> Ejb(deployment-id=UserRepo)
May 27, 2015 5:50:48 PM org.apache.openejb.assembler.classic.JndiBuilder bind
INFO: Jndi(name=global//UserRepo) --> Ejb(deployment-id=UserRepo)
May 27, 2015 5:50:48 PM org.apache.openejb.assembler.classic.JndiBuilder bind
INFO: Jndi(name=AddEmailsServiceLocalBean) --> Ejb(deployment-id=AddEmailsService)
May 27, 2015 5:50:48 PM org.apache.openejb.assembler.classic.JndiBuilder bind
INFO: Jndi(name=global//AddEmailsService!kz.dreamsoft.sender.service.AddEmailsService) --> Ejb(deployment-id=AddEmailsService)
May 27, 2015 5:50:48 PM org.apache.openejb.assembler.classic.JndiBuilder bind
INFO: Jndi(name=global//AddEmailsService) --> Ejb(deployment-id=AddEmailsService)
May 27, 2015 5:50:48 PM org.apache.openejb.assembler.classic.JndiBuilder bind
INFO: Jndi(name=CreateUserLocalBean) --> Ejb(deployment-id=CreateUser)
May 27, 2015 5:50:48 PM org.apache.openejb.assembler.classic.JndiBuilder bind
INFO: Jndi(name=global//CreateUser!kz.dreamsoft.sender.service.CreateUser) --> Ejb(deployment-id=CreateUser)
May 27, 2015 5:50:48 PM org.apache.openejb.assembler.classic.JndiBuilder bind
INFO: Jndi(name=global//CreateUser) --> Ejb(deployment-id=CreateUser)
May 27, 2015 5:50:48 PM org.apache.openejb.assembler.classic.JndiBuilder bind
INFO: Jndi(name=SmsSessageRepoLocalBean) --> Ejb(deployment-id=SmsSessageRepo)
May 27, 2015 5:50:48 PM org.apache.openejb.assembler.classic.JndiBuilder bind
INFO: Jndi(name=global//SmsSessageRepo!kz.dreamsoft.sender.repo.SmsSessageRepo) --> Ejb(deployment-id=SmsSessageRepo)
May 27, 2015 5:50:48 PM org.apache.openejb.assembler.classic.JndiBuilder bind
INFO: Jndi(name=global//SmsSessageRepo) --> Ejb(deployment-id=SmsSessageRepo)
May 27, 2015 5:50:48 PM org.apache.openejb.assembler.classic.JndiBuilder bind
INFO: Jndi(name=EmailRepoLocalBean) --> Ejb(deployment-id=EmailRepo)
May 27, 2015 5:50:48 PM org.apache.openejb.assembler.classic.JndiBuilder bind
INFO: Jndi(name=global//EmailRepo!kz.dreamsoft.sender.repo.EmailRepo) --> Ejb(deployment-id=EmailRepo)
May 27, 2015 5:50:48 PM org.apache.openejb.assembler.classic.JndiBuilder bind
INFO: Jndi(name=global//EmailRepo) --> Ejb(deployment-id=EmailRepo)
May 27, 2015 5:50:48 PM org.apache.openejb.assembler.classic.JndiBuilder bind
INFO: Jndi(name=EmailListRepoLocalBean) --> Ejb(deployment-id=EmailListRepo)
May 27, 2015 5:50:48 PM org.apache.openejb.assembler.classic.JndiBuilder bind
INFO: Jndi(name=global//EmailListRepo!kz.dreamsoft.sender.repo.EmailListRepo) --> Ejb(deployment-id=EmailListRepo)
May 27, 2015 5:50:48 PM org.apache.openejb.assembler.classic.JndiBuilder bind
INFO: Jndi(name=global//EmailListRepo) --> Ejb(deployment-id=EmailListRepo)
May 27, 2015 5:50:48 PM org.apache.openejb.assembler.classic.JndiBuilder bind
INFO: Jndi(name=RequestToRegisterRepoLocalBean) --> Ejb(deployment-id=RequestToRegisterRepo)
May 27, 2015 5:50:48 PM org.apache.openejb.assembler.classic.JndiBuilder bind
INFO: Jndi(name=global//RequestToRegisterRepo!kz.dreamsoft.sender.repo.RequestToRegisterRepo) --> Ejb(deployment-id=RequestToRegisterRepo)
May 27, 2015 5:50:48 PM org.apache.openejb.assembler.classic.JndiBuilder bind
INFO: Jndi(name=global//RequestToRegisterRepo) --> Ejb(deployment-id=RequestToRegisterRepo)
May 27, 2015 5:50:48 PM org.apache.openejb.assembler.classic.JndiBuilder bind
INFO: Jndi(name=EmailMessageRepoLocalBean) --> Ejb(deployment-id=EmailMessageRepo)
May 27, 2015 5:50:48 PM org.apache.openejb.assembler.classic.JndiBuilder bind
INFO: Jndi(name=global//EmailMessageRepo!kz.dreamsoft.sender.repo.EmailMessageRepo) --> Ejb(deployment-id=EmailMessageRepo)
May 27, 2015 5:50:48 PM org.apache.openejb.assembler.classic.JndiBuilder bind
INFO: Jndi(name=global//EmailMessageRepo) --> Ejb(deployment-id=EmailMessageRepo)
May 27, 2015 5:50:48 PM org.apache.openejb.assembler.classic.JndiBuilder bind
INFO: Jndi(name=MobNumRepoLocalBean) --> Ejb(deployment-id=MobNumRepo)
May 27, 2015 5:50:48 PM org.apache.openejb.assembler.classic.JndiBuilder bind
INFO: Jndi(name=global//MobNumRepo!kz.dreamsoft.sender.repo.MobNumRepo) --> Ejb(deployment-id=MobNumRepo)
May 27, 2015 5:50:48 PM org.apache.openejb.assembler.classic.JndiBuilder bind
INFO: Jndi(name=global//MobNumRepo) --> Ejb(deployment-id=MobNumRepo)
May 27, 2015 5:50:48 PM org.apache.openejb.assembler.classic.JndiBuilder bind
INFO: Jndi(name=EjbTestLocalBean) --> Ejb(deployment-id=EjbTest)
May 27, 2015 5:50:48 PM org.apache.openejb.assembler.classic.JndiBuilder bind
INFO: Jndi(name=global//EjbTest!kz.dreamsoft.sender.service.EjbTest) --> Ejb(deployment-id=EjbTest)
May 27, 2015 5:50:48 PM org.apache.openejb.assembler.classic.JndiBuilder bind
INFO: Jndi(name=global//EjbTest) --> Ejb(deployment-id=EjbTest)
May 27, 2015 5:50:48 PM org.apache.openejb.assembler.classic.JndiBuilder bind
INFO: Jndi(name=CreateListServiceLocalBean) --> Ejb(deployment-id=CreateListService)
May 27, 2015 5:50:48 PM org.apache.openejb.assembler.classic.JndiBuilder bind
INFO: Jndi(name=global//CreateListService!kz.dreamsoft.sender.service.CreateListService) --> Ejb(deployment-id=CreateListService)
May 27, 2015 5:50:48 PM org.apache.openejb.assembler.classic.JndiBuilder bind
INFO: Jndi(name=global//CreateListService) --> Ejb(deployment-id=CreateListService)
May 27, 2015 5:50:48 PM org.apache.openejb.cdi.CdiBuilder initSingleton
INFO: Existing thread singleton service in SystemInstance(): org.apache.openejb.cdi.ThreadSingletonServiceImpl@294adb
May 27, 2015 5:50:48 PM org.apache.openejb.cdi.OpenEJBLifecycle startApplication
INFO: OpenWebBeans Container is starting...
May 27, 2015 5:50:49 PM org.apache.openejb.cdi.OpenEJBLifecycle startApplication
INFO: OpenWebBeans Container has started, it took 660 ms.
May 27, 2015 5:50:49 PM org.apache.openejb.assembler.classic.Assembler startEjbs
INFO: Created Ejb(deployment-id=AddEmailsService, ejb-name=AddEmailsService, container=Default Stateless Container)
May 27, 2015 5:50:49 PM org.apache.openejb.assembler.classic.Assembler startEjbs
INFO: Created Ejb(deployment-id=EmailListRepo, ejb-name=EmailListRepo, container=Default Stateless Container)
May 27, 2015 5:50:49 PM org.apache.openejb.assembler.classic.Assembler startEjbs
INFO: Created Ejb(deployment-id=CreateUser, ejb-name=CreateUser, container=Default Stateless Container)
May 27, 2015 5:50:49 PM org.apache.openejb.assembler.classic.Assembler startEjbs
INFO: Created Ejb(deployment-id=UserRepo, ejb-name=UserRepo, container=Default Stateless Container)
May 27, 2015 5:50:49 PM org.apache.openejb.assembler.classic.Assembler startEjbs
INFO: Created Ejb(deployment-id=RegistrationService, ejb-name=RegistrationService, container=Default Stateless Container)
May 27, 2015 5:50:49 PM org.apache.openejb.assembler.classic.Assembler startEjbs
INFO: Created Ejb(deployment-id=EmailMessageRepo, ejb-name=EmailMessageRepo, container=Default Stateless Container)
May 27, 2015 5:50:49 PM org.apache.openejb.assembler.classic.Assembler startEjbs
INFO: Created Ejb(deployment-id=MobNumRepo, ejb-name=MobNumRepo, container=Default Stateless Container)
May 27, 2015 5:50:49 PM org.apache.openejb.assembler.classic.Assembler startEjbs
INFO: Created Ejb(deployment-id=EjbTest, ejb-name=EjbTest, container=Default Stateless Container)
May 27, 2015 5:50:49 PM org.apache.openejb.assembler.classic.Assembler startEjbs
INFO: Created Ejb(deployment-id=RequestToRegisterRepo, ejb-name=RequestToRegisterRepo, container=Default Stateless Container)
May 27, 2015 5:50:49 PM org.apache.openejb.assembler.classic.Assembler startEjbs
INFO: Created Ejb(deployment-id=EmailRepo, ejb-name=EmailRepo, container=Default Stateless Container)
May 27, 2015 5:50:49 PM org.apache.openejb.assembler.classic.Assembler startEjbs
INFO: Created Ejb(deployment-id=EmailService, ejb-name=EmailService, container=Default Stateless Container)
May 27, 2015 5:50:49 PM org.apache.openejb.assembler.classic.Assembler startEjbs
INFO: Created Ejb(deployment-id=CreateListService, ejb-name=CreateListService, container=Default Stateless Container)
May 27, 2015 5:50:49 PM org.apache.openejb.assembler.classic.Assembler startEjbs
INFO: Created Ejb(deployment-id=SmsSessageRepo, ejb-name=SmsSessageRepo, container=Default Stateless Container)
May 27, 2015 5:50:49 PM org.apache.openejb.assembler.classic.Assembler startEjbs
INFO: Started Ejb(deployment-id=AddEmailsService, ejb-name=AddEmailsService, container=Default Stateless Container)
May 27, 2015 5:50:49 PM org.apache.openejb.assembler.classic.Assembler startEjbs
INFO: Started Ejb(deployment-id=EmailListRepo, ejb-name=EmailListRepo, container=Default Stateless Container)
May 27, 2015 5:50:49 PM org.apache.openejb.assembler.classic.Assembler startEjbs
INFO: Started Ejb(deployment-id=CreateUser, ejb-name=CreateUser, container=Default Stateless Container)
May 27, 2015 5:50:49 PM org.apache.openejb.assembler.classic.Assembler startEjbs
INFO: Started Ejb(deployment-id=UserRepo, ejb-name=UserRepo, container=Default Stateless Container)
May 27, 2015 5:50:49 PM org.apache.openejb.assembler.classic.Assembler startEjbs
INFO: Started Ejb(deployment-id=RegistrationService, ejb-name=RegistrationService, container=Default Stateless Container)
May 27, 2015 5:50:49 PM org.apache.openejb.assembler.classic.Assembler startEjbs
INFO: Started Ejb(deployment-id=EmailMessageRepo, ejb-name=EmailMessageRepo, container=Default Stateless Container)
May 27, 2015 5:50:49 PM org.apache.openejb.assembler.classic.Assembler startEjbs
INFO: Started Ejb(deployment-id=MobNumRepo, ejb-name=MobNumRepo, container=Default Stateless Container)
May 27, 2015 5:50:49 PM org.apache.openejb.assembler.classic.Assembler startEjbs
INFO: Started Ejb(deployment-id=EjbTest, ejb-name=EjbTest, container=Default Stateless Container)
May 27, 2015 5:50:49 PM org.apache.openejb.assembler.classic.Assembler startEjbs
INFO: Started Ejb(deployment-id=RequestToRegisterRepo, ejb-name=RequestToRegisterRepo, container=Default Stateless Container)
May 27, 2015 5:50:49 PM org.apache.openejb.assembler.classic.Assembler startEjbs
INFO: Started Ejb(deployment-id=EmailRepo, ejb-name=EmailRepo, container=Default Stateless Container)
May 27, 2015 5:50:49 PM org.apache.openejb.assembler.classic.Assembler startEjbs
INFO: Started Ejb(deployment-id=EmailService, ejb-name=EmailService, container=Default Stateless Container)
May 27, 2015 5:50:49 PM org.apache.openejb.assembler.classic.Assembler startEjbs
INFO: Started Ejb(deployment-id=CreateListService, ejb-name=CreateListService, container=Default Stateless Container)
May 27, 2015 5:50:49 PM org.apache.openejb.assembler.classic.Assembler startEjbs
INFO: Started Ejb(deployment-id=SmsSessageRepo, ejb-name=SmsSessageRepo, container=Default Stateless Container)
May 27, 2015 5:50:49 PM org.apache.tomee.catalina.TomcatWebAppBuilder deployWebApps
INFO: using context file /home/olzhas/IdeaProjects/sender-all/target/apache-tomee/webapps/ROOT/META-INF/context.xml
May 27, 2015 5:50:49 PM org.apache.openejb.assembler.classic.Assembler createApplication
INFO: Deployed Application(path=/home/olzhas/IdeaProjects/sender-all/target/apache-tomee/webapps/ROOT)
May 27, 2015 5:50:50 PM org.apache.openejb.server.cxf.rs.CxfRsHttpListener configureFactory
INFO: Using providers:
May 27, 2015 5:50:50 PM org.apache.openejb.server.cxf.rs.CxfRsHttpListener configureFactory
INFO:      kz.dreamsoft.sender.rest.ExceptionMapperImpl@1ad8557
May 27, 2015 5:50:50 PM org.apache.openejb.server.cxf.rs.CxfRsHttpListener configureFactory
INFO:      org.apache.openejb.server.cxf.rs.EJBAccessExceptionMapper@8f82f8
May 27, 2015 5:50:50 PM org.apache.openejb.server.cxf.rs.CxfRsHttpListener logEndpoints
INFO: REST Application: http://localhost:8080/                      -> org.apache.openejb.server.rest.InternalApplication
May 27, 2015 5:50:50 PM org.apache.openejb.server.cxf.rs.CxfRsHttpListener logEndpoints
INFO:      Service URI: http://localhost:8080/adding-emails         -> Pojo kz.dreamsoft.sender.rest.AddingEmailsRs          
May 27, 2015 5:50:50 PM org.apache.openejb.server.cxf.rs.CxfRsHttpListener logEndpoints
INFO:              POST http://localhost:8080/adding-emails/add     ->      void add(AddEmailDTO) throws MessagingException
May 27, 2015 5:50:50 PM org.apache.openejb.server.cxf.rs.CxfRsHttpListener logEndpoints
INFO:      Service URI: http://localhost:8080/emailqueue            -> Pojo kz.dreamsoft.sender.rest.SendEmailFromEmailListRs
May 27, 2015 5:50:50 PM org.apache.openejb.server.cxf.rs.CxfRsHttpListener logEndpoints
INFO:                   http://localhost:8080/emailqueue/send       ->      void sendEmailformEmaillist() throws MessagingException
May 27, 2015 5:50:50 PM org.apache.openejb.server.cxf.rs.CxfRsHttpListener logEndpoints
INFO:      Service URI: http://localhost:8080/forgotpwd             -> Pojo kz.dreamsoft.sender.rest.ForgotPwdRs             
May 27, 2015 5:50:50 PM org.apache.openejb.server.cxf.rs.CxfRsHttpListener logEndpoints
INFO:              POST http://localhost:8080/forgotpwd/request     ->      String request(RequestToRestorPwdDTO) throws EmailNotFound,MessagingException
May 27, 2015 5:50:50 PM org.apache.openejb.server.cxf.rs.CxfRsHttpListener logEndpoints
INFO:      Service URI: http://localhost:8080/list                  -> Pojo kz.dreamsoft.sender.rest.CreateListRs            
May 27, 2015 5:50:50 PM org.apache.openejb.server.cxf.rs.CxfRsHttpListener logEndpoints
INFO:                   http://localhost:8080/list/create/{ids}     ->      void createList(List<Long>)
May 27, 2015 5:50:50 PM org.apache.openejb.server.cxf.rs.CxfRsHttpListener logEndpoints
INFO:      Service URI: http://localhost:8080/register              -> Pojo kz.dreamsoft.sender.rest.RegistrationRs          
May 27, 2015 5:50:50 PM org.apache.openejb.server.cxf.rs.CxfRsHttpListener logEndpoints
INFO:               GET http://localhost:8080/register/confirm/{id} ->      String confirm(String) throws RequestNotExists                                       
May 27, 2015 5:50:50 PM org.apache.openejb.server.cxf.rs.CxfRsHttpListener logEndpoints
INFO:              POST http://localhost:8080/register/request      ->      String register(RequestToRegisterDTO) throws RequestAlreadyCreated,MessagingException
May 27, 2015 5:50:50 PM org.apache.catalina.startup.HostConfig deployWAR
INFO: Deployment of web application archive /home/olzhas/IdeaProjects/sender-all/target/apache-tomee/webapps/ROOT.war has finished in 4,928 ms
May 27, 2015 5:50:50 PM org.apache.coyote.AbstractProtocol start
INFO: Starting ProtocolHandler ["ajp-bio-8009"]
May 27, 2015 5:50:50 PM org.apache.catalina.startup.Catalina start
INFO: Server startup in 5046 ms
May 27, 2015 6:00:24 PM org.apache.coyote.AbstractProtocol pause
INFO: Pausing ProtocolHandler ["http-bio-8080"]
May 27, 2015 6:00:24 PM org.apache.coyote.AbstractProtocol pause
INFO: Pausing ProtocolHandler ["ajp-bio-8009"]
May 27, 2015 6:00:24 PM org.apache.catalina.core.StandardServer await
INFO: A valid shutdown command was received via the shutdown port. Stopping the Server instance.
May 27, 2015 6:00:24 PM org.apache.catalina.core.StandardService stopInternal
INFO: Stopping service Catalina
May 27, 2015 6:00:24 PM org.apache.openejb.assembler.classic.Assembler destroyApplication
INFO: Undeploying app: /home/olzhas/IdeaProjects/sender-all/target/apache-tomee/webapps/ROOT
May 27, 2015 6:00:25 PM org.apache.coyote.AbstractProtocol stop
INFO: Stopping ProtocolHandler ["ajp-bio-8009"]
May 27, 2015 6:00:25 PM org.apache.openejb.server.SimpleServiceManager stop
INFO: Stopping server services
May 27, 2015 6:00:25 PM org.apache.openejb.assembler.classic.Assembler destroyApplication
INFO: Undeploying app: openejb
May 27, 2015 6:00:25 PM org.apache.openejb.assembler.classic.Assembler destroyResource
INFO: Closing DataSource: datasource
May 27, 2015 6:00:25 PM org.apache.openejb.assembler.classic.Assembler destroyResource
INFO: Closing DataSource: datasourceNonJta
May 27, 2015 6:00:25 PM org.apache.coyote.AbstractProtocol stop
INFO: Stopping ProtocolHandler ["http-bio-8080"]
May 27, 2015 6:00:25 PM org.apache.coyote.AbstractProtocol destroy
INFO: Destroying ProtocolHandler ["http-bio-8080"]
May 27, 2015 6:00:25 PM org.apache.coyote.AbstractProtocol destroy
INFO: Destroying ProtocolHandler ["ajp-bio-8009"]
